Arguments: 
  /Users/juanmanuelgarrido/.nvm/versions/node/v8.11.1/bin/node /Users/juanmanuelgarrido/.npm-global/bin/yarn build

PATH: 
  /Users/juanmanuelgarrido/.nvm/versions/node/v8.11.1/bin:/Users/juanmanuelgarrido:/Users/juanmanuelgarrido/.npm-global/bin:./node_modules/.bin:/Library/Frameworks/Python.framework/Versions/2.7/bin:/Library/Frameworks/Python.framework/Versions/3.6/bin:/usr/local/bin:/usr/bin:/bin:/usr/sbin:/sbin

Yarn version: 
  1.5.1

Node version: 
  8.11.1

Platform: 
  darwin x64

npm manifest: 
  {
    "name": "sui-bundler-demo",
    "version": "1.0.0",
    "description": "",
    "main": "index.js",
    "scripts": {
      "build": "sui-bundler build -C",
      "start": "sui-bundler dev",
      "co": "sui-mono commit",
      "phoenix": "sui-mono phoenix",
      "release:check": "sui-mono check"
    },
    "keywords": [],
    "author": "",
    "license": "ISC",
    "devDependencies": {
      "@s-ui/bundler": "3",
      "@s-ui/component-peer-dependencies": "1",
      "@s-ui/lint": "2",
      "@s-ui/mono": "^1.39.0"
    },
    "eslintConfig": {
      "extends": [
        "./node_modules/@s-ui/lint/eslintrc.js"
      ]
    },
    "sui-bundler": {
      "vendor": ["react", "react-dom"]
    }
    "sasslintConfig": "./node_modules/@s-ui/lint/sass-lint.yml",
    "dependencies": {
      "@s-ui/react-molecule-input-field": "^2.0.0",
      "@s-ui/react-molecule-textarea-field": "^1.2.0",
      "@schibstedspain/sui-atom-button": "^1.22.0"
    }
  }

yarn manifest: 
  No manifest

Lockfile: 
  No lockfile

Trace: 
  SyntaxError: /Volumes/RINGO/PROJECTS/2018/SCHIBSTED/training-sui/schibsted-sui-tools-training/staff/juanma-garrido/sui-bundler-demo/package.json: Unexpected string in JSON at position 649
      at JSON.parse (<anonymous>)
      at /Users/juanmanuelgarrido/.npm-global/lib/node_modules/yarn/lib/cli.js:1036:59
      at Generator.next (<anonymous>)
      at step (/Users/juanmanuelgarrido/.npm-global/lib/node_modules/yarn/lib/cli.js:98:30)
      at /Users/juanmanuelgarrido/.npm-global/lib/node_modules/yarn/lib/cli.js:109:13
      at <anonymous>
