Arguments: 
  /Users/juanmanuelgarrido/.nvm/versions/node/v8.11.1/bin/node /Users/juanmanuelgarrido/.npm-global/bin/yarn ssr

PATH: 
  /Users/juanmanuelgarrido/.nvm/versions/node/v8.11.1/bin:/Users/juanmanuelgarrido:/Users/juanmanuelgarrido/.npm-global/bin:./node_modules/.bin:/Library/Frameworks/Python.framework/Versions/2.7/bin:/Library/Frameworks/Python.framework/Versions/3.6/bin:/usr/local/bin:/usr/bin:/bin:/usr/sbin:/sbin

Yarn version: 
  1.5.1

Node version: 
  8.11.1

Platform: 
  darwin x64

npm manifest: 
  {
    "name": "sui-bundler-test-project",
    "version": "1.0.0",
    "description": "",
    "main": "index.js",
    "scripts": {
      "build": "sui-bundler build -C",
      "start": "sui-bundler dev",
      "co": "sui-mono commit",
      "phoenix": "npx rimraf node_modules && npm i --cache-min=999999",
      "lint": "npm run lint:js && npm run lint:sass",
      "lint:js": "sui-lint js",
      "lint:sass": "sui-lint sass",
      "deploy": "npx surge -d https://sui-bundler-demo.surge.sh public",
      "ssr": "sui-bundler build -C && sui-ssr build -C && node server"
    },
    "dependencies": {
      "@s-ui/mono": "1.39.0",
      "react": "15.4.2",
      "react-dom": "15.4.2"
    },
    "devDependencies": {
      "@s-ui/ssr": "2",
      "@s-ui/bundler": "2",
      "@s-ui/lint": "2"
    },
    "keywords": [],
    "author": "",
    "license": "ISC",
    "sui-bundler": {
      "offline": {
        "whitelist": [
          "::all::"
        ]
      },
      "vendor": [
        "react",
        "react-dom"
      ]
    },
    "eslintConfig": {
      "extends": [
        "./node_modules/@s-ui/lint/eslintrc.js"
      ]
    },
    "sasslintConfig": "./node_modules/@s-ui/lint/sass-lint.yml"
  }

yarn manifest: 
  No manifest

Lockfile: 
  No lockfile

Trace: 
  Error: Command failed.
  Exit code: 1
  Command: sh
  Arguments: -c sui-bundler build -C && sui-ssr build -C && node server
  Directory: /Volumes/RINGO/PROJECTS/2018/SCHIBSTED/training-sui/DEMOS/sui-bundler-demo
  Output:
  
      at ProcessTermError.MessageError (/Users/juanmanuelgarrido/.npm-global/lib/node_modules/yarn/lib/cli.js:186:110)
      at new ProcessTermError (/Users/juanmanuelgarrido/.npm-global/lib/node_modules/yarn/lib/cli.js:226:113)
      at ChildProcess.<anonymous> (/Users/juanmanuelgarrido/.npm-global/lib/node_modules/yarn/lib/cli.js:30281:17)
      at emitTwo (events.js:126:13)
      at ChildProcess.emit (events.js:214:7)
      at maybeClose (internal/child_process.js:925:16)
      at Process.ChildProcess._handle.onexit (internal/child_process.js:209:5)
